{"level":"info","message":"Server is running successfully","timestamp":"03:10:16"}
{"level":"info","message":"User Login","timestamp":"03:10:16"}
{"level":"info","message":"Get all posts","timestamp":"03:10:17"}
{"level":"info","message":"Server is running successfully","timestamp":"03:43:01"}
{"level":"info","message":"User Login","timestamp":"03:43:01"}
{"level":"info","message":"Server is running successfully","timestamp":"03:44:11"}
{"level":"info","message":"User Login","timestamp":"03:44:11"}
{"level":"info","message":"Get all posts","timestamp":"03:44:12"}
{"level":"info","message":"Server is running successfully","timestamp":"13:15:48"}
{"level":"info","message":"User Login","timestamp":"13:16:34"}
{"level":"info","message":"Get all posts","timestamp":"13:16:34"}
{"level":"info","message":"Get Post","timestamp":"13:16:49"}
{"level":"info","message":"Get all posts","timestamp":"13:17:15"}
{"level":"info","message":"Get Post","timestamp":"13:17:17"}
{"level":"info","message":"Get all posts","timestamp":"13:17:24"}
{"level":"info","message":"Get Post","timestamp":"13:26:23"}
{"level":"info","message":"Get all posts","timestamp":"13:27:12"}
{"level":"info","message":"Get all posts","timestamp":"13:27:29"}
{"level":"info","message":"User Login","timestamp":"13:28:27"}
{"level":"info","message":"Get all posts","timestamp":"13:28:27"}
{"level":"info","message":"Get Post","timestamp":"13:28:29"}
{"level":"info","message":"Get all posts","timestamp":"13:28:44"}
{"level":"info","message":"Get Post","timestamp":"13:28:46"}
{"level":"info","message":"User Login","timestamp":"13:28:54"}
{"level":"info","message":"Get all posts","timestamp":"13:28:54"}
{"level":"info","message":"Get Post","timestamp":"13:28:57"}
{"level":"info","message":"Get all posts","timestamp":"13:29:13"}
{"level":"info","message":"Get all posts","timestamp":"13:29:20"}
{"level":"info","message":"Get Post","timestamp":"13:29:21"}
{"level":"info","message":"Get all posts","timestamp":"13:29:25"}
{"level":"info","message":"Get Post","timestamp":"13:30:51"}
{"level":"info","message":"Get all posts","timestamp":"13:31:22"}
{"level":"info","message":"Get Post","timestamp":"13:31:23"}
{"level":"info","message":"Get all posts","timestamp":"13:31:42"}
{"level":"info","message":"Get Post","timestamp":"13:31:42"}
{"level":"info","message":"Get all posts","timestamp":"13:32:03"}
{"level":"info","message":"Get Post","timestamp":"13:32:04"}
{"level":"info","message":"Get all posts","timestamp":"13:32:05"}
{"level":"info","message":"Get Post","timestamp":"13:32:06"}
{"level":"info","message":"Get all posts","timestamp":"13:33:43"}
{"level":"info","message":"Get Post","timestamp":"13:33:44"}
{"level":"info","message":"Get all posts","timestamp":"13:33:50"}
{"level":"info","message":"Get Post","timestamp":"13:33:51"}
{"level":"info","message":"Get all posts","timestamp":"13:34:09"}
{"level":"info","message":"Get Post","timestamp":"13:34:24"}
{"level":"info","message":"Get Post","timestamp":"13:35:38"}
{"level":"info","message":"Get all posts","timestamp":"13:35:52"}
{"level":"info","message":"Get Post","timestamp":"13:35:53"}
{"level":"info","message":"Get Post","timestamp":"13:36:22"}
{"level":"info","message":"Get all posts","timestamp":"13:36:40"}
{"level":"info","message":"User Login","timestamp":"13:37:03"}
{"level":"info","message":"Get all posts","timestamp":"13:37:03"}
{"level":"info","message":"Get Post","timestamp":"13:37:05"}
{"level":"info","message":"Get all posts","timestamp":"13:41:09"}
{"level":"info","message":"Get Post","timestamp":"13:41:11"}
{"level":"info","message":"User Login","timestamp":"14:07:52"}
{"level":"info","message":"Get all posts","timestamp":"14:07:53"}
{"level":"info","message":"Get Post","timestamp":"14:07:54"}
{"level":"info","message":"Get all posts","timestamp":"14:07:59"}
{"level":"info","message":"Get Post","timestamp":"14:08:00"}
{"level":"info","message":"Get all posts","timestamp":"14:08:09"}
{"level":"info","message":"Get Post","timestamp":"14:08:10"}
{"level":"info","message":"User Login","timestamp":"14:08:20"}
{"level":"info","message":"Get all posts","timestamp":"14:08:20"}
{"level":"info","message":"Get Post","timestamp":"14:08:22"}
{"level":"info","message":"Get Post","timestamp":"14:08:30"}
{"level":"info","message":"Get Post","timestamp":"14:09:24"}
{"level":"info","message":"Get Post","timestamp":"14:09:49"}
{"level":"info","message":"Get Post","timestamp":"14:10:29"}
{"level":"info","message":"Get Post","timestamp":"14:10:36"}
{"level":"info","message":"Get all posts","timestamp":"14:11:06"}
{"level":"info","message":"Get Post","timestamp":"14:11:07"}
{"level":"info","message":"Get all posts","timestamp":"14:11:10"}
{"level":"info","message":"Get all posts","timestamp":"14:12:32"}
{"level":"info","message":"Get Post","timestamp":"14:12:33"}
{"level":"info","message":"Get Post","timestamp":"14:13:02"}
{"level":"info","message":"Get all posts","timestamp":"14:13:04"}
{"level":"info","message":"Get Post","timestamp":"14:13:05"}
{"level":"info","message":"Get all posts","timestamp":"14:13:07"}
{"level":"info","message":"Get Post","timestamp":"14:13:09"}
{"level":"info","message":"Get Post","timestamp":"14:13:10"}
{"level":"info","message":"Get all posts","timestamp":"14:13:56"}
{"level":"info","message":"Get Post","timestamp":"14:13:57"}
{"level":"info","message":"Get Post","timestamp":"14:14:03"}
{"level":"info","message":"Get Post","timestamp":"14:14:08"}
{"level":"info","message":"Get Post","timestamp":"14:15:29"}
{"level":"info","message":"Get all posts","timestamp":"14:15:36"}
{"level":"info","message":"Get Post","timestamp":"14:15:36"}
{"level":"info","message":"Get all posts","timestamp":"14:15:40"}
{"level":"info","message":"Get Post","timestamp":"14:15:41"}
{"level":"info","message":"Get all posts","timestamp":"14:15:48"}
{"level":"info","message":"Get all posts","timestamp":"14:15:51"}
{"level":"info","message":"Get all posts","timestamp":"14:15:55"}
{"level":"info","message":"Get all posts","timestamp":"14:15:57"}
{"level":"info","message":"Get Post","timestamp":"14:15:57"}
{"level":"info","message":"Get all posts","timestamp":"14:15:59"}
{"level":"info","message":"Get Post","timestamp":"14:16:00"}
{"level":"info","message":"Get all posts","timestamp":"14:16:02"}
{"level":"info","message":"Get Post","timestamp":"14:16:03"}
{"level":"info","message":"Get Post","timestamp":"14:16:04"}
{"level":"info","message":"Get Post","timestamp":"14:16:42"}
{"level":"info","message":"Get Post","timestamp":"14:17:00"}
{"level":"info","message":"User Login","timestamp":"14:25:39"}
{"level":"info","message":"Get all posts","timestamp":"14:25:40"}
{"level":"info","message":"Get Post","timestamp":"14:25:42"}
{"level":"info","message":"Get all posts","timestamp":"14:25:45"}
{"level":"info","message":"User Login","timestamp":"14:25:52"}
{"level":"info","message":"Get all posts","timestamp":"14:25:52"}
{"level":"info","message":"Get Post","timestamp":"14:25:53"}
{"level":"info","message":"Get Post","timestamp":"14:25:55"}
{"level":"info","message":"Post Updated","timestamp":"14:25:59"}
{"level":"info","message":"Get Post","timestamp":"14:25:59"}
{"level":"info","message":"Get Post","timestamp":"14:26:01"}
{"level":"info","message":"Post Updated","timestamp":"14:26:10"}
{"level":"info","message":"Get Post","timestamp":"14:26:10"}
{"level":"info","message":"User Login","timestamp":"14:26:34"}
{"level":"info","message":"Get all posts","timestamp":"14:26:34"}
{"level":"info","message":"Get Post","timestamp":"14:26:37"}
{"level":"info","message":"Get all posts","timestamp":"14:26:40"}
{"level":"info","message":"Get Post","timestamp":"14:26:43"}
{"level":"info","message":"Get all posts","timestamp":"14:26:49"}
{"level":"info","message":"Get Post","timestamp":"14:32:01"}
{"level":"info","message":"Get Post","timestamp":"14:32:04"}
{"level":"info","message":"Post Updated","timestamp":"14:32:42"}
{"level":"info","message":"Get Post","timestamp":"14:32:42"}
{"level":"info","message":"Get all posts","timestamp":"14:32:48"}
{"level":"info","message":"User Login","timestamp":"14:32:59"}
{"level":"info","message":"Get all posts","timestamp":"14:32:59"}
{"level":"info","message":"Get Post","timestamp":"14:33:00"}
{"level":"info","message":"User Login","timestamp":"14:33:14"}
{"level":"info","message":"Get all posts","timestamp":"14:33:14"}
{"level":"info","message":"Get Post","timestamp":"14:33:15"}
{"level":"info","message":"Get all posts","timestamp":"14:33:17"}
{"level":"info","message":"Get all posts","timestamp":"14:33:19"}
{"level":"info","message":"Get Post","timestamp":"14:33:20"}
{"level":"info","message":"User Login","timestamp":"14:33:32"}
{"level":"info","message":"User Login","timestamp":"14:33:40"}
{"level":"info","message":"User SignUp","timestamp":"14:34:05"}
{"level":"info","message":"User Login","timestamp":"14:34:16"}
{"level":"info","message":"Get all posts","timestamp":"14:34:16"}
{"level":"info","message":"Get Post","timestamp":"14:34:18"}
{"level":"info","message":"Get all posts","timestamp":"14:34:21"}
{"level":"info","message":"Get all posts","timestamp":"14:34:24"}
{"level":"info","message":"Get all posts","timestamp":"14:34:30"}
{"level":"info","message":"Get all posts","timestamp":"14:36:54"}
{"level":"info","message":"Get all posts","timestamp":"14:37:56"}
{"level":"info","message":"Get all posts","timestamp":"14:37:58"}
{"level":"info","message":"Get all posts","timestamp":"14:37:58"}
{"level":"info","message":"Get all posts","timestamp":"14:38:42"}
{"level":"info","message":"Get all posts","timestamp":"14:42:02"}
{"level":"info","message":"Get all posts","timestamp":"14:42:15"}
{"level":"info","message":"Get all posts","timestamp":"14:42:18"}
{"level":"info","message":"Get all posts","timestamp":"14:42:19"}
{"level":"info","message":"Get Post","timestamp":"14:42:20"}
{"level":"info","message":"Get all posts","timestamp":"14:42:24"}
{"level":"info","message":"Get Post","timestamp":"14:42:25"}
{"level":"info","message":"Get all posts","timestamp":"14:42:30"}
{"level":"info","message":"Get all posts","timestamp":"14:42:31"}
{"level":"info","message":"Post Created","timestamp":"14:43:22"}
{"level":"info","message":"Get all posts","timestamp":"14:43:22"}
{"level":"info","message":"Get all posts","timestamp":"14:44:00"}
{"level":"info","message":"Get all posts","timestamp":"14:44:04"}
{"level":"info","message":"Get Post","timestamp":"14:44:04"}
{"level":"info","message":"Delete Post","timestamp":"14:44:08"}
{"level":"info","message":"Get all posts","timestamp":"14:44:08"}
{"level":"info","message":"Get all posts","timestamp":"14:44:10"}
{"level":"info","message":"Post Created","timestamp":"14:44:26"}
{"level":"info","message":"Get all posts","timestamp":"14:44:26"}
{"level":"info","message":"Get Post","timestamp":"14:44:36"}
{"level":"info","message":"Delete Post","timestamp":"14:44:44"}
{"level":"info","message":"Get all posts","timestamp":"14:44:44"}
{"level":"info","message":"User Login","timestamp":"14:55:09"}
{"level":"info","message":"Get all posts","timestamp":"14:55:09"}
{"level":"info","message":"Get all posts","timestamp":"14:55:12"}
{"level":"info","message":"Get all posts","timestamp":"14:55:13"}
{"level":"info","message":"Get all posts","timestamp":"14:55:15"}
{"level":"info","message":"Post Created","timestamp":"14:55:20"}
{"level":"info","message":"Get all posts","timestamp":"14:55:20"}
{"level":"info","message":"Get Post","timestamp":"14:55:25"}
{"level":"info","message":"Delete Post","timestamp":"14:55:26"}
{"level":"info","message":"Get all posts","timestamp":"14:55:26"}
{"level":"info","message":"Get all posts","timestamp":"14:55:28"}
{"level":"info","message":"Post Created","timestamp":"14:56:04"}
{"level":"info","message":"Get all posts","timestamp":"14:56:04"}
{"level":"info","message":"User Login","timestamp":"14:56:10"}
{"level":"info","message":"Get all posts","timestamp":"14:56:10"}
{"level":"info","message":"Get Post","timestamp":"14:56:14"}
{"level":"info","message":"User Login","timestamp":"14:56:41"}
{"level":"info","message":"Get all posts","timestamp":"14:56:41"}
{"level":"info","message":"Get Post","timestamp":"14:56:41"}
{"level":"info","message":"User Login","timestamp":"14:57:11"}
{"level":"info","message":"Get all posts","timestamp":"14:57:11"}
{"level":"info","message":"Get Post","timestamp":"14:57:12"}
{"level":"info","message":"User Login","timestamp":"14:57:50"}
{"level":"info","message":"Get all posts","timestamp":"14:57:50"}
{"level":"info","message":"Get Post","timestamp":"14:57:51"}
{"level":"info","message":"User Login","timestamp":"14:58:04"}
{"level":"info","message":"Get all posts","timestamp":"14:58:04"}
{"level":"info","message":"Get Post","timestamp":"14:58:04"}
